<?xml version="1.0" encoding="UTF-8"?>
<!-- Generated by org.testng.reporters.JUnitReportReporter -->
<testsuite skipped="0" hostname="NCDWIN7PXD16165" name="com.sailpoint.ApplicationOnBoarding.AppOnBoardingForGoogleApps" tests="1" failures="0" timestamp="16 Jul 2019 10:52:34 GMT" time="429.412" errors="0">
  <testcase name="AppInfo" time="429.412" classname="com.sailpoint.ApplicationOnBoarding.AppOnBoardingForGoogleApps"/>
</testsuite> <!-- com.sailpoint.ApplicationOnBoarding.AppOnBoardingForGoogleApps -->
