<?xml version="1.0" encoding="UTF-8"?>
<!-- Generated by org.testng.reporters.JUnitReportReporter -->
<testsuite skipped="0" hostname="NCDWIN7PXD17440" name="com.sailpoint.testcase.Demo" tests="1" failures="0" timestamp="28 May 2019 05:14:45 GMT" time="77.629" errors="0">
  <testcase name="getWork" time="77.629" classname="com.sailpoint.testcase.Demo"/>
</testsuite> <!-- com.sailpoint.testcase.Demo -->
