<?xml version="1.0" encoding="UTF-8"?>
<!-- Generated by org.testng.reporters.JUnitReportReporter -->
<testsuite hostname="NCDWIN7PXD17440" name="com.sailpoint.ApplicationOnBoarding.AppOnBoardingForOpenLdap" tests="1" failures="0" timestamp="12 Jul 2019 13:40:27 GMT" time="246.660" errors="0">
  <testcase name="AppInfo" time="246.660" classname="com.sailpoint.ApplicationOnBoarding.AppOnBoardingForOpenLdap"/>
</testsuite> <!-- com.sailpoint.ApplicationOnBoarding.AppOnBoardingForOpenLdap -->
