<?xml version="1.0" encoding="UTF-8"?>
<!-- Generated by org.testng.reporters.JUnitReportReporter -->
<testsuite skipped="0" hostname="NCDWIN7PXD17440" name="com.sailpoint.testcase.CertiificationCheck" tests="1" failures="0" timestamp="11 Jul 2019 09:22:08 GMT" time="6.436" errors="0">
  <testcase name="check" time="6.436" classname="com.sailpoint.testcase.CertiificationCheck"/>
</testsuite> <!-- com.sailpoint.testcase.CertiificationCheck -->
