<?xml version="1.0" encoding="UTF-8"?>
<!-- Generated by org.testng.reporters.JUnitReportReporter -->
<testsuite skipped="0" hostname="NCDWIN7PXD16373" name="com.sailpoint.testcase.SailpointAppInfoAndConfig" tests="2" failures="0" timestamp="14 May 2019 11:13:58 GMT" time="27.538" errors="0">
  <testcase name="AppInfo" time="13.272" classname="com.sailpoint.testcase.SailpointAppInfoAndConfig"/>
  <testcase name="AppInfo" time="14.266" classname="com.sailpoint.testcase.SailpointAppInfoAndConfig"/>
</testsuite> <!-- com.sailpoint.testcase.SailpointAppInfoAndConfig -->
