<?xml version="1.0" encoding="UTF-8"?>
<!-- Generated by org.testng.reporters.JUnitReportReporter -->
<testsuite hostname="NCDWIN7PXD17440" name="com.sailpoint.ApplicationOnBoarding.AppOnBoardingForLDAP" tests="2" failures="0" timestamp="13 Jul 2019 12:50:52 GMT" time="643.578" errors="0">
  <testcase name="AppInfo" time="357.651" classname="com.sailpoint.ApplicationOnBoarding.AppOnBoardingForLDAP"/>
  <testcase name="AppInfo" time="285.927" classname="com.sailpoint.ApplicationOnBoarding.AppOnBoardingForLDAP"/>
</testsuite> <!-- com.sailpoint.ApplicationOnBoarding.AppOnBoardingForLDAP -->
