<?xml version="1.0" encoding="UTF-8"?>
<!-- Generated by org.testng.reporters.JUnitReportReporter -->
<testsuite skipped="0" hostname="NCDWIN7PXD16165" name="com.sailpoint.testcaseforTestConnection.TestconnectionForNonAuth" tests="24" failures="0" timestamp="16 May 2019 11:08:22 GMT" time="191.433" errors="0">
  <testcase name="appInfo" time="7.419" classname="com.sailpoint.testcaseforTestConnection.TestconnectionForNonAuth"/>
  <testcase name="appInfo" time="7.632" classname="com.sailpoint.testcaseforTestConnection.TestconnectionForNonAuth"/>
  <testcase name="appInfo" time="7.595" classname="com.sailpoint.testcaseforTestConnection.TestconnectionForNonAuth"/>
  <testcase name="appInfo" time="7.986" classname="com.sailpoint.testcaseforTestConnection.TestconnectionForNonAuth"/>
  <testcase name="appInfo" time="8.047" classname="com.sailpoint.testcaseforTestConnection.TestconnectionForNonAuth"/>
  <testcase name="appInfo" time="8.181" classname="com.sailpoint.testcaseforTestConnection.TestconnectionForNonAuth"/>
  <testcase name="appInfo" time="7.967" classname="com.sailpoint.testcaseforTestConnection.TestconnectionForNonAuth"/>
  <testcase name="appInfo" time="8.512" classname="com.sailpoint.testcaseforTestConnection.TestconnectionForNonAuth"/>
  <testcase name="appInfo" time="7.320" classname="com.sailpoint.testcaseforTestConnection.TestconnectionForNonAuth"/>
  <testcase name="appInfo" time="7.772" classname="com.sailpoint.testcaseforTestConnection.TestconnectionForNonAuth"/>
  <testcase name="appInfo" time="7.614" classname="com.sailpoint.testcaseforTestConnection.TestconnectionForNonAuth"/>
  <testcase name="appInfo" time="8.022" classname="com.sailpoint.testcaseforTestConnection.TestconnectionForNonAuth"/>
  <testcase name="appInfo" time="7.699" classname="com.sailpoint.testcaseforTestConnection.TestconnectionForNonAuth"/>
  <testcase name="appInfo" time="8.547" classname="com.sailpoint.testcaseforTestConnection.TestconnectionForNonAuth"/>
  <testcase name="appInfo" time="8.092" classname="com.sailpoint.testcaseforTestConnection.TestconnectionForNonAuth"/>
  <testcase name="appInfo" time="8.053" classname="com.sailpoint.testcaseforTestConnection.TestconnectionForNonAuth"/>
  <testcase name="appInfo" time="8.162" classname="com.sailpoint.testcaseforTestConnection.TestconnectionForNonAuth"/>
  <testcase name="appInfo" time="8.726" classname="com.sailpoint.testcaseforTestConnection.TestconnectionForNonAuth"/>
  <testcase name="appInfo" time="7.376" classname="com.sailpoint.testcaseforTestConnection.TestconnectionForNonAuth"/>
  <testcase name="appInfo" time="8.517" classname="com.sailpoint.testcaseforTestConnection.TestconnectionForNonAuth"/>
  <testcase name="appInfo" time="7.968" classname="com.sailpoint.testcaseforTestConnection.TestconnectionForNonAuth"/>
  <testcase name="appInfo" time="7.493" classname="com.sailpoint.testcaseforTestConnection.TestconnectionForNonAuth"/>
  <testcase name="appInfo" time="8.387" classname="com.sailpoint.testcaseforTestConnection.TestconnectionForNonAuth"/>
  <testcase name="appInfo" time="8.346" classname="com.sailpoint.testcaseforTestConnection.TestconnectionForNonAuth"/>
</testsuite> <!-- com.sailpoint.testcaseforTestConnection.TestconnectionForNonAuth -->
