<?xml version="1.0" encoding="UTF-8"?>
<!-- Generated by org.testng.reporters.JUnitReportReporter -->
<testsuite hostname="NCDWIN7PXD16165" name="com.sailpoint.ApplicationOnBoarding.AppOnBoardingForWebServices" tests="9" failures="0" timestamp="13 Jul 2019 14:51:16 GMT" time="1160.214" errors="0">
  <testcase name="AppInfo" time="135.992" classname="com.sailpoint.ApplicationOnBoarding.AppOnBoardingForWebServices"/>
  <testcase name="AppInfo" time="125.705" classname="com.sailpoint.ApplicationOnBoarding.AppOnBoardingForWebServices"/>
  <testcase name="AppInfo" time="135.404" classname="com.sailpoint.ApplicationOnBoarding.AppOnBoardingForWebServices"/>
  <testcase name="AppInfo" time="131.917" classname="com.sailpoint.ApplicationOnBoarding.AppOnBoardingForWebServices"/>
  <testcase name="AppInfo" time="141.474" classname="com.sailpoint.ApplicationOnBoarding.AppOnBoardingForWebServices"/>
  <testcase name="AppInfo" time="169.648" classname="com.sailpoint.ApplicationOnBoarding.AppOnBoardingForWebServices"/>
  <testcase name="AppInfo" time="143.440" classname="com.sailpoint.ApplicationOnBoarding.AppOnBoardingForWebServices"/>
  <testcase name="AppInfo" time="86.659" classname="com.sailpoint.ApplicationOnBoarding.AppOnBoardingForWebServices"/>
  <testcase name="AppInfo" time="89.975" classname="com.sailpoint.ApplicationOnBoarding.AppOnBoardingForWebServices"/>
</testsuite> <!-- com.sailpoint.ApplicationOnBoarding.AppOnBoardingForWebServices -->
