<?xml version="1.0" encoding="UTF-8"?>
<!-- Generated by org.testng.reporters.JUnitReportReporter -->
<testsuite skipped="0" hostname="NCDWIN7PXD17440" name="com.sailpoint.ApplicationOnBoarding.AppOnBoardingForSuccessFactor" tests="1" failures="0" timestamp="15 Jul 2019 07:33:22 GMT" time="225.748" errors="0">
  <testcase name="appInfo" time="225.748" classname="com.sailpoint.ApplicationOnBoarding.AppOnBoardingForSuccessFactor"/>
</testsuite> <!-- com.sailpoint.ApplicationOnBoarding.AppOnBoardingForSuccessFactor -->
