<?xml version="1.0" encoding="UTF-8"?>
<!-- Generated by org.testng.reporters.JUnitReportReporter -->
<testsuite skipped="0" hostname="NCDWIN7PXD17440" name="utilsFiles.TestDemo" tests="1" failures="0" timestamp="21 Jun 2019 11:56:08 GMT" time="3.301" errors="0">
  <testcase name="getData" time="3.301" classname="utilsFiles.TestDemo"/>
</testsuite> <!-- utilsFiles.TestDemo -->
