<?xml version="1.0" encoding="UTF-8"?>
<!-- Generated by org.testng.reporters.JUnitReportReporter -->
<testsuite hostname="NCDWIN7PXD17440" name="com.sailpoint.ApplicationOnBoarding.AppOnBoardingForADDirect" tests="5" failures="0" timestamp="12 Jul 2019 09:57:17 GMT" time="1770.293" errors="0">
  <testcase name="AppInfo" time="262.134" classname="com.sailpoint.ApplicationOnBoarding.AppOnBoardingForADDirect"/>
  <testcase name="AppInfo" time="354.691" classname="com.sailpoint.ApplicationOnBoarding.AppOnBoardingForADDirect"/>
  <testcase name="AppInfo" time="339.008" classname="com.sailpoint.ApplicationOnBoarding.AppOnBoardingForADDirect"/>
  <testcase name="AppInfo" time="430.079" classname="com.sailpoint.ApplicationOnBoarding.AppOnBoardingForADDirect"/>
  <testcase name="AppInfo" time="384.381" classname="com.sailpoint.ApplicationOnBoarding.AppOnBoardingForADDirect"/>
</testsuite> <!-- com.sailpoint.ApplicationOnBoarding.AppOnBoardingForADDirect -->
