<?xml version="1.0" encoding="UTF-8"?>
<!-- Generated by org.testng.reporters.JUnitReportReporter -->
<testsuite hostname="NCDWIN7PXD17440" name="com.sailpoint.ApplicationOnBoarding.AppOnBoardingForUnix" tests="4" failures="0" timestamp="13 Jul 2019 11:19:19 GMT" time="932.141" errors="0">
  <testcase name="AppInfo" time="233.082" classname="com.sailpoint.ApplicationOnBoarding.AppOnBoardingForUnix"/>
  <testcase name="AppInfo" time="231.253" classname="com.sailpoint.ApplicationOnBoarding.AppOnBoardingForUnix"/>
  <testcase name="AppInfo" time="236.171" classname="com.sailpoint.ApplicationOnBoarding.AppOnBoardingForUnix"/>
  <testcase name="AppInfo" time="231.635" classname="com.sailpoint.ApplicationOnBoarding.AppOnBoardingForUnix"/>
</testsuite> <!-- com.sailpoint.ApplicationOnBoarding.AppOnBoardingForUnix -->
