<?xml version="1.0" encoding="UTF-8"?>
<!-- Generated by org.testng.reporters.JUnitReportReporter -->
<testsuite hostname="NCDWIN7PXD16165" name="com.sailpoint.ApplicationOnBoarding.AppOnBoardingForSAP" tests="12" failures="0" timestamp="15 Jul 2019 17:32:53 GMT" time="11859.353" errors="0">
  <testcase name="AppInfo" time="988.638" classname="com.sailpoint.ApplicationOnBoarding.AppOnBoardingForSAP"/>
  <testcase name="AppInfo" time="979.571" classname="com.sailpoint.ApplicationOnBoarding.AppOnBoardingForSAP"/>
  <testcase name="AppInfo" time="993.752" classname="com.sailpoint.ApplicationOnBoarding.AppOnBoardingForSAP"/>
  <testcase name="AppInfo" time="999.214" classname="com.sailpoint.ApplicationOnBoarding.AppOnBoardingForSAP"/>
  <testcase name="AppInfo" time="1004.967" classname="com.sailpoint.ApplicationOnBoarding.AppOnBoardingForSAP"/>
  <testcase name="AppInfo" time="981.332" classname="com.sailpoint.ApplicationOnBoarding.AppOnBoardingForSAP"/>
  <testcase name="AppInfo" time="1005.958" classname="com.sailpoint.ApplicationOnBoarding.AppOnBoardingForSAP"/>
  <testcase name="AppInfo" time="972.792" classname="com.sailpoint.ApplicationOnBoarding.AppOnBoardingForSAP"/>
  <testcase name="AppInfo" time="987.300" classname="com.sailpoint.ApplicationOnBoarding.AppOnBoardingForSAP"/>
  <testcase name="AppInfo" time="985.873" classname="com.sailpoint.ApplicationOnBoarding.AppOnBoardingForSAP"/>
  <testcase name="AppInfo" time="983.518" classname="com.sailpoint.ApplicationOnBoarding.AppOnBoardingForSAP"/>
  <testcase name="AppInfo" time="976.438" classname="com.sailpoint.ApplicationOnBoarding.AppOnBoardingForSAP"/>
</testsuite> <!-- com.sailpoint.ApplicationOnBoarding.AppOnBoardingForSAP -->
