<?xml version="1.0" encoding="UTF-8"?>
<!-- Generated by org.testng.reporters.JUnitReportReporter -->
<testsuite skipped="0" hostname="NCDWIN7PXD16165" name="com.sailpoint.testcase.AppOnBoardingForDelimited" tests="2" failures="0" timestamp="16 May 2019 10:54:33 GMT" time="111.402" errors="0">
  <testcase name="AppInfo" time="62.047" classname="com.sailpoint.testcase.AppOnBoardingForDelimited"/>
  <testcase name="AppInfo" time="49.355" classname="com.sailpoint.testcase.AppOnBoardingForDelimited"/>
</testsuite> <!-- com.sailpoint.testcase.AppOnBoardingForDelimited -->
