<?xml version="1.0" encoding="UTF-8"?>
<!-- Generated by org.testng.reporters.JUnitReportReporter -->
<testsuite skipped="0" hostname="NCDWIN7PXD17440" name="com.sailpoint.ApplicationOnBoarding.AppOnBoardingForOracle" tests="3" failures="0" timestamp="12 Jul 2019 07:28:16 GMT" time="724.680" errors="0">
  <testcase name="AppInfo" time="243.952" classname="com.sailpoint.ApplicationOnBoarding.AppOnBoardingForOracle"/>
  <testcase name="AppInfo" time="241.033" classname="com.sailpoint.ApplicationOnBoarding.AppOnBoardingForOracle"/>
  <testcase name="AppInfo" time="239.695" classname="com.sailpoint.ApplicationOnBoarding.AppOnBoardingForOracle"/>
</testsuite> <!-- com.sailpoint.ApplicationOnBoarding.AppOnBoardingForOracle -->
