<?xml version="1.0" encoding="UTF-8"?>
<!-- Generated by org.testng.reporters.JUnitReportReporter -->
<testsuite hostname="NCDWIN7PXD16373" name="com.sailpoint.ApplicationOnBoarding.AppOnBoardingForDelimited" tests="1" failures="0" timestamp="16 Jul 2019 08:17:24 GMT" time="263.170" errors="0">
  <testcase name="AppInfo" time="263.170" classname="com.sailpoint.ApplicationOnBoarding.AppOnBoardingForDelimited"/>
</testsuite> <!-- com.sailpoint.ApplicationOnBoarding.AppOnBoardingForDelimited -->
