<?xml version="1.0" encoding="UTF-8"?>
<!-- Generated by org.testng.reporters.JUnitReportReporter -->
<testsuite hostname="NCDWIN7PXD05462" name="com.sailpoint.ApplicationOnBoarding.AppOnBoardingForMicrosoft" tests="1" failures="0" timestamp="12 Jul 2019 13:37:38 GMT" time="187.501" errors="0">
  <testcase name="AppInfo" time="187.501" classname="com.sailpoint.ApplicationOnBoarding.AppOnBoardingForMicrosoft"/>
</testsuite> <!-- com.sailpoint.ApplicationOnBoarding.AppOnBoardingForMicrosoft -->
