<?xml version="1.0" encoding="UTF-8"?>
<!-- Generated by org.testng.reporters.JUnitReportReporter -->
<testsuite hostname="NCDWIN7PXD17440" name="com.sailpoint.ApplicationOnBoarding.AppOnboardingForSalesForce" tests="4" failures="0" timestamp="12 Jul 2019 11:33:17 GMT" time="1042.445" errors="0">
  <testcase name="AppInfo" time="262.210" classname="com.sailpoint.ApplicationOnBoarding.AppOnboardingForSalesForce"/>
  <testcase name="AppInfo" time="290.010" classname="com.sailpoint.ApplicationOnBoarding.AppOnboardingForSalesForce"/>
  <testcase name="AppInfo" time="243.511" classname="com.sailpoint.ApplicationOnBoarding.AppOnboardingForSalesForce"/>
  <testcase name="AppInfo" time="246.714" classname="com.sailpoint.ApplicationOnBoarding.AppOnboardingForSalesForce"/>
</testsuite> <!-- com.sailpoint.ApplicationOnBoarding.AppOnboardingForSalesForce -->
