<?xml version="1.0" encoding="UTF-8"?>
<!-- Generated by org.testng.reporters.JUnitReportReporter -->
<testsuite hostname="NCDWIN7PXD15173" name="com.sailpoint.testcaseforTestConnection.TestconnectionForAuth" tests="5" failures="0" timestamp="20 Jun 2019 06:11:15 GMT" time="70.373" errors="0">
  <testcase name="appInfo" time="18.148" classname="com.sailpoint.testcaseforTestConnection.TestconnectionForAuth"/>
  <testcase name="appInfo" time="13.098" classname="com.sailpoint.testcaseforTestConnection.TestconnectionForAuth"/>
  <testcase name="appInfo" time="13.109" classname="com.sailpoint.testcaseforTestConnection.TestconnectionForAuth"/>
  <testcase name="appInfo" time="12.892" classname="com.sailpoint.testcaseforTestConnection.TestconnectionForAuth"/>
  <testcase name="appInfo" time="13.126" classname="com.sailpoint.testcaseforTestConnection.TestconnectionForAuth"/>
</testsuite> <!-- com.sailpoint.testcaseforTestConnection.TestconnectionForAuth -->
