<?xml version="1.0" encoding="UTF-8"?>
<!-- Generated by org.testng.reporters.JUnitReportReporter -->
<testsuite hostname="NCDWIN7PXD16165" name="com.sailpoint.ApplicationOnBoarding.AppOnBoardingForRuleFileParser" tests="1" failures="0" timestamp="12 Jul 2019 14:10:32 GMT" time="409.195" errors="0">
  <testcase name="AppInfo" time="409.195" classname="com.sailpoint.ApplicationOnBoarding.AppOnBoardingForRuleFileParser"/>
</testsuite> <!-- com.sailpoint.ApplicationOnBoarding.AppOnBoardingForRuleFileParser -->
