<?xml version="1.0" encoding="UTF-8"?>
<!-- Generated by org.testng.reporters.JUnitReportReporter -->
<testsuite hostname="NCDWIN7PXD05462" name="com.sailpoint.ApplicationOnBoarding.AppOnBoardingForSapHanaDatabase" tests="1" failures="0" timestamp="12 Jul 2019 13:50:14 GMT" time="198.840" errors="0">
  <testcase name="AppInfo" time="198.840" classname="com.sailpoint.ApplicationOnBoarding.AppOnBoardingForSapHanaDatabase"/>
</testsuite> <!-- com.sailpoint.ApplicationOnBoarding.AppOnBoardingForSapHanaDatabase -->
