<?xml version="1.0" encoding="UTF-8"?>
<!-- Generated by org.testng.reporters.JUnitReportReporter -->
<testsuite hostname="NCDWIN7PXD17440" name="com.sailpoint.ApplicationOnBoarding.AppOnBoardingForIBM" tests="3" failures="0" timestamp="12 Jul 2019 11:59:15 GMT" time="861.368" errors="0">
  <testcase name="AppInfo" time="282.024" classname="com.sailpoint.ApplicationOnBoarding.AppOnBoardingForIBM"/>
  <testcase name="AppInfo" time="282.624" classname="com.sailpoint.ApplicationOnBoarding.AppOnBoardingForIBM"/>
  <testcase name="AppInfo" time="296.720" classname="com.sailpoint.ApplicationOnBoarding.AppOnBoardingForIBM"/>
</testsuite> <!-- com.sailpoint.ApplicationOnBoarding.AppOnBoardingForIBM -->
