<?xml version="1.0" encoding="UTF-8"?>
<!-- Generated by org.testng.reporters.JUnitReportReporter -->
<testsuite hostname="NCDWIN7PXD17440" name="com.sailpoint.ApplicationOnBoarding.AppOnBoardingForServiceWOW" tests="1" failures="0" timestamp="12 Jul 2019 10:16:50 GMT" time="267.799" errors="0">
  <testcase name="appInfo" time="267.799" classname="com.sailpoint.ApplicationOnBoarding.AppOnBoardingForServiceWOW"/>
</testsuite> <!-- com.sailpoint.ApplicationOnBoarding.AppOnBoardingForServiceWOW -->
