<?xml version="1.0" encoding="UTF-8"?>
<!-- Generated by org.testng.reporters.JUnitReportReporter -->
<testsuite hostname="NCDWIN7PXD17440" name="com.sailpoint.ApplicationOnBoarding.AppOnBoardingForAzure" tests="1" failures="0" timestamp="12 Jul 2019 12:45:24 GMT" time="354.092" errors="0">
  <testcase name="AppInfo" time="354.092" classname="com.sailpoint.ApplicationOnBoarding.AppOnBoardingForAzure"/>
</testsuite> <!-- com.sailpoint.ApplicationOnBoarding.AppOnBoardingForAzure -->
